 2899 invis    [ 503, 305] [ 58, 75] 92
 2872 invis    [ 472, 145] [139,133] 223
 2902 invis    [  69, 107] [ 75,159] 226
 2903 create   [  45,  70] [ 30, 85] 56
 2880 vis      [ 297, 180] [519,283] 1518
 2852 vis      [ 277, 197] [363,313] 1302
 2849 vis      [ 424, 234] [204,189] 677
 2903 invis    [  45,  70] [ 30, 85] 56
 2880 invis    [ 378, 163] [395,291] 1467
 2852 invis    [ 276, 177] [145,118] 388
 2863 vis      [ 585, 175] [ 36,253] 188
 2849 invis    [ 410, 212] [354,281] 671
 2885 vis      [ 509, 189] [ 96, 99] 143
 2855 vis      [ 365, 206] [276,240] 668
 2863 invis    [ 565, 166] [ 62,124] 110
 2904 create   [ 300, 185] [275,315] 1369
 2885 invis    [ 515, 208] [153,195] 270
 2853 vis      [ 259, 173] [223,290] 1024
 2891 vis      [ 576, 186] [104,210] 202
 2855 invis    [ 357, 196] [457,295] 1091
 2904 invis    [ 291, 182] [251,312] 1207
 2905 create   [ 160, 170] [190,285] 929
 2853 invis    [ 239, 171] [221,258] 1210
 2891 invis    [ 531, 140] [131,238] 396
 2906 create   [ 510, 415] [170, 65] 161
 2907 create   [ 400, 170] [145,320] 277
 2847 vis      [ 303, 199] [149,138] 462
 2835 vis      [ 303, 199] [149,138] 462
 2865 vis      [ 299, 193] [267,194] 857
 2905 invis    [ 357, 211] [111,336] 472
